[2025-04-26 09:48:30,916 1025 httpx -  INFO - HTTP Request: GET https://dagshub.com/api/v1/user "HTTP/1.1 200 OK"]
[2025-04-26 09:48:30,945 107 dagshub -  INFO - Accessing as TaufeeqAi]
[2025-04-26 09:48:31,523 1025 httpx -  INFO - HTTP Request: GET https://dagshub.com/api/v1/repos/TaufeeqAi/network_security_mlops "HTTP/1.1 200 OK"]
[2025-04-26 09:48:32,059 1025 httpx -  INFO - HTTP Request: GET https://dagshub.com/api/v1/user "HTTP/1.1 200 OK"]
[2025-04-26 09:48:32,065 107 dagshub -  INFO - Initialized MLflow to track repo "TaufeeqAi/network_security_mlops"]
[2025-04-26 09:48:32,065 107 dagshub -  INFO - Repository TaufeeqAi/network_security_mlops initialized!]
[2025-04-26 09:48:51,151 37 root -  INFO - Data Ingestion pipeline started]
[2025-04-26 09:48:56,527 65 root -  INFO - Performed train test split on the dataframe]
[2025-04-26 09:48:56,527 67 root -  INFO - Exited split_data_as_train_test method of Data_Ingestion class]
[2025-04-26 09:48:56,528 75 root -  INFO - Exporting train and test file path.]
[2025-04-26 09:48:56,577 84 root -  INFO - Exported train and test file path.]
[2025-04-26 09:48:56,577 40 root -  INFO - Data Ingestion pipeline Completed]
[2025-04-26 09:48:56,597 49 root -  INFO - Data validation pipeline started]
[2025-04-26 09:48:56,693 34 root -  INFO - Required number of columns: 2]
[2025-04-26 09:48:56,693 35 root -  INFO - Data frame has 31 columns]
[2025-04-26 09:48:56,693 34 root -  INFO - Required number of columns: 2]
[2025-04-26 09:48:56,693 35 root -  INFO - Data frame has 31 columns]
[2025-04-26 09:48:56,924 51 root -  INFO - Data validation pipeline Completed]
[2025-04-26 09:48:56,925 59 root -  INFO - Data transformation pipeline started]
[2025-04-26 09:48:56,925 57 root -  INFO - Entered initiate_data_transformation method of DataTransformation class]
[2025-04-26 09:48:56,925 59 root -  INFO - Starting data transformation]
[2025-04-26 09:48:56,951 42 root -  INFO - Entered get_data_transformer_object method of Trnasformation class]
[2025-04-26 09:48:56,951 47 root -  INFO - Initialise KNNImputer with {'missing_values': nan, 'n_neighbors': 3, 'weights': 'uniform'}]
[2025-04-26 09:48:56,972 49 root -  INFO - Entered the save_object method of MainUtils class]
[2025-04-26 09:48:56,979 53 root -  INFO - Exited the save_object method of MainUtils class]
[2025-04-26 09:48:56,979 49 root -  INFO - Entered the save_object method of MainUtils class]
[2025-04-26 09:48:56,984 53 root -  INFO - Exited the save_object method of MainUtils class]
[2025-04-26 09:48:56,985 62 root -  INFO - Data transformation pipeline completed]
[2025-04-26 09:48:56,986 69 root -  INFO - Model Training Pipeline Started]
[2025-04-26 09:52:56,300 49 root -  INFO - Entered the save_object method of MainUtils class]
[2025-04-26 09:52:56,301 53 root -  INFO - Exited the save_object method of MainUtils class]
[2025-04-26 09:52:56,301 49 root -  INFO - Entered the save_object method of MainUtils class]
[2025-04-26 09:52:56,342 53 root -  INFO - Exited the save_object method of MainUtils class]
[2025-04-26 09:52:56,342 131 root -  INFO - model Trainer Artifact: ModelTrainerArtifact(trained_model_file_path='Artifacts\\04_26_2025_09_48_18\\model_trainer\\trained_model\\model.pkl', train_metric_artifact=ClassificationMetricArtifact(f1_score=0.9906976744186047, precision_score=0.9873035066505441, recall_score=0.9941152597402597), test_metric_artifact=ClassificationMetricArtifact(f1_score=0.9774375503626108, precision_score=0.9680766161213089, recall_score=0.9869812855980472))]
[2025-04-26 09:52:56,349 73 root -  INFO -  Model training Artifacts created]
[2025-04-26 09:54:09,393 37 root -  INFO - Data Ingestion pipeline started]
[2025-04-26 09:54:12,602 65 root -  INFO - Performed train test split on the dataframe]
[2025-04-26 09:54:12,602 67 root -  INFO - Exited split_data_as_train_test method of Data_Ingestion class]
[2025-04-26 09:54:12,602 75 root -  INFO - Exporting train and test file path.]
[2025-04-26 09:54:12,660 84 root -  INFO - Exported train and test file path.]
[2025-04-26 09:54:12,660 40 root -  INFO - Data Ingestion pipeline Completed]
[2025-04-26 09:54:12,660 49 root -  INFO - Data validation pipeline started]
[2025-04-26 09:54:12,723 34 root -  INFO - Required number of columns: 2]
[2025-04-26 09:54:12,723 35 root -  INFO - Data frame has 31 columns]
[2025-04-26 09:54:12,723 34 root -  INFO - Required number of columns: 2]
[2025-04-26 09:54:12,723 35 root -  INFO - Data frame has 31 columns]
[2025-04-26 09:54:12,867 51 root -  INFO - Data validation pipeline Completed]
[2025-04-26 09:54:12,867 59 root -  INFO - Data transformation pipeline started]
[2025-04-26 09:54:12,867 57 root -  INFO - Entered initiate_data_transformation method of DataTransformation class]
[2025-04-26 09:54:12,867 59 root -  INFO - Starting data transformation]
[2025-04-26 09:54:12,895 42 root -  INFO - Entered get_data_transformer_object method of Trnasformation class]
[2025-04-26 09:54:12,895 47 root -  INFO - Initialise KNNImputer with {'missing_values': nan, 'n_neighbors': 3, 'weights': 'uniform'}]
[2025-04-26 09:54:12,907 49 root -  INFO - Entered the save_object method of MainUtils class]
[2025-04-26 09:54:12,909 53 root -  INFO - Exited the save_object method of MainUtils class]
[2025-04-26 09:54:12,909 49 root -  INFO - Entered the save_object method of MainUtils class]
[2025-04-26 09:54:12,968 53 root -  INFO - Exited the save_object method of MainUtils class]
[2025-04-26 09:54:12,969 62 root -  INFO - Data transformation pipeline completed]
[2025-04-26 09:54:12,969 69 root -  INFO - Model Training Pipeline Started]
[2025-04-26 09:57:45,883 49 root -  INFO - Entered the save_object method of MainUtils class]
[2025-04-26 09:57:45,883 53 root -  INFO - Exited the save_object method of MainUtils class]
[2025-04-26 09:57:45,883 49 root -  INFO - Entered the save_object method of MainUtils class]
[2025-04-26 09:57:45,892 53 root -  INFO - Exited the save_object method of MainUtils class]
[2025-04-26 09:57:45,893 131 root -  INFO - model Trainer Artifact: ModelTrainerArtifact(trained_model_file_path='Artifacts\\04_26_2025_09_48_18\\model_trainer\\trained_model\\model.pkl', train_metric_artifact=ClassificationMetricArtifact(f1_score=0.9919918905220476, precision_score=0.989084293511219, recall_score=0.9949166327775518), test_metric_artifact=ClassificationMetricArtifact(f1_score=0.9703287890938251, precision_score=0.9641434262948207, recall_score=0.976594027441485))]
[2025-04-26 09:57:45,894 73 root -  INFO -  Model training Artifacts created]
